#
# There is insufficient memory for the Java Runtime Environment to continue.
# Native memory allocation (mmap) failed to map 100663296 bytes for G1 virtual space
# Possible reasons:
#   The system is out of physical RAM or swap space
#   The process is running with CompressedOops enabled, and the Java Heap may be blocking the growth of the native heap
# Possible solutions:
#   Reduce memory load on the system
#   Increase physical memory or swap space
#   Check if swap backing store is full
#   Decrease Java heap size (-Xmx/-Xms)
#   Decrease number of Java threads
#   Decrease Java thread stack sizes (-Xss)
#   Set larger code cache with -XX:ReservedCodeCacheSize=
#   JVM is running with Unscaled Compressed Oops mode in which the Java heap is
#     placed in the first 4GB address space. The Java Heap base address is the
#     maximum limit for the native heap growth. Please use -XX:HeapBaseMinAddress
#     to set the Java Heap base and to place the Java Heap above 4GB virtual address.
# This output file may be truncated or incomplete.
#
#  Out of Memory Error (os_windows.cpp:3550), pid=18696, tid=27812
#
# JRE version:  (17.0.6+9) (build )
# Java VM: Java HotSpot(TM) 64-Bit Server VM (17.0.6+9-LTS-190, mixed mode, sharing, tiered, compressed oops, compressed class ptrs, g1 gc, windows-amd64)
# No core dump will be written. Minidumps are not enabled by default on client versions of Windows
#

---------------  S U M M A R Y ------------

Command Line: com.mycompany.inventariofisica_requerimientos.InventarioFisica_Requerimientos

Host: AMD Ryzen 5 3500U with Radeon Vega Mobile Gfx  , 8 cores, 5G,  Windows 11 , 64 bit Build 22621 (10.0.22621.3235)
Time: Thu May 30 15:04:47 2024 Hora est. Pacífico, Sudamérica elapsed time: 0.046221 seconds (0d 0h 0m 0s)

---------------  T H R E A D  ---------------

Current thread (0x000001cd1ceb6af0):  JavaThread "Unknown thread" [_thread_in_vm, id=27812, stack(0x000000b8d4500000,0x000000b8d4600000)]

Stack: [0x000000b8d4500000,0x000000b8d4600000]
Native frames: (J=compiled Java code, j=interpreted, Vv=VM code, C=native code)
V  [jvm.dll+0x6734ea]
V  [jvm.dll+0x7d18f4]
V  [jvm.dll+0x7d309e]
V  [jvm.dll+0x7d3703]
V  [jvm.dll+0x2433c5]
V  [jvm.dll+0x6703f9]
V  [jvm.dll+0x664d32]
V  [jvm.dll+0x300086]
V  [jvm.dll+0x307606]
V  [jvm.dll+0x356c1e]
V  [jvm.dll+0x356e4f]
V  [jvm.dll+0x2d72e8]
V  [jvm.dll+0x2d8254]
V  [jvm.dll+0x7a33b1]
V  [jvm.dll+0x3647f1]
V  [jvm.dll+0x782839]
V  [jvm.dll+0x3e757f]
V  [jvm.dll+0x3e9001]
C  [jli.dll+0x5297]
C  [ucrtbase.dll+0x29363]
C  [KERNEL32.DLL+0x1257d]
C  [ntdll.dll+0x5aa58]


---------------  P R O C E S S  ---------------

Threads class SMR info:
_java_thread_list=0x00007ff867fde958, length=0, elements={
}

Java Threads: ( => current thread )

Other Threads:
  0x000001cd1cefeb10 GCTaskThread "GC Thread#0" [stack: 0x000000b8d4600000,0x000000b8d4700000] [id=28268]
  0x000001cd1cf0c8e0 ConcurrentGCThread "G1 Main Marker" [stack: 0x000000b8d4700000,0x000000b8d4800000] [id=16176]
  0x000001cd1cf0d2f0 ConcurrentGCThread "G1 Conc#0" [stack: 0x000000b8d4800000,0x000000b8d4900000] [id=5984]

[error occurred during error reporting (printing all threads), id 0xc0000005, EXCEPTION_ACCESS_VIOLATION (0xc0000005) at pc=0x00007ff867817f07]

VM state: not at safepoint (not fully initialized)

VM Mutex/Monitor currently owned by a thread:  ([mutex/lock_event])
[0x000001cd1ceb4460] Heap_lock - owner thread: 0x000001cd1ceb6af0

Heap address: 0x00000000a0c00000, size: 1524 MB, Compressed Oops mode: 32-bit

CDS archive(s) mapped at: [0x0000000000000000-0x0000000000000000-0x0000000000000000), size 0, SharedBaseAddress: 0x0000000800000000, ArchiveRelocationMode: 0.
Narrow klass base: 0x0000000000000000, Narrow klass shift: 0, Narrow klass range: 0x0

GC Precious Log:
<Empty>

Heap:
 garbage-first heap   total 0K, used 0K [0x00000000a0c00000, 0x0000000100000000)
  region size 1024K, 0 young (0K), 0 survivors (0K)

[error occurred during error reporting (printing heap information), id 0xc0000005, EXCEPTION_ACCESS_VIOLATION (0xc0000005) at pc=0x00007ff867bfc759]

GC Heap History (0 events):
No events

Deoptimization events (0 events):
No events

Classes unloaded (0 events):
No events

Classes redefined (0 events):
No events

Internal exceptions (0 events):
No events

VM Operations (0 events):
No events

Events (1 events):
Event: 0.022 Loaded shared library C:\Program Files\Java\jdk-17\bin\java.dll


Dynamic libraries:
0x00007ff631d70000 - 0x00007ff631d80000 	C:\Program Files\Java\jdk-17\bin\java.exe
0x00007ff91e930000 - 0x00007ff91eb46000 	C:\WINDOWS\SYSTEM32\ntdll.dll
0x00007ff91d790000 - 0x00007ff91d854000 	C:\WINDOWS\System32\KERNEL32.DLL
0x00007ff91c060000 - 0x00007ff91c406000 	C:\WINDOWS\System32\KERNELBASE.dll
0x00007ff91be10000 - 0x00007ff91bf21000 	C:\WINDOWS\System32\ucrtbase.dll
0x00007ff8f47b0000 - 0x00007ff8f47c8000 	C:\Program Files\Java\jdk-17\bin\jli.dll
0x00007ff8ef440000 - 0x00007ff8ef45b000 	C:\Program Files\Java\jdk-17\bin\VCRUNTIME140.dll
0x00007ff91e670000 - 0x00007ff91e722000 	C:\WINDOWS\System32\ADVAPI32.dll
0x00007ff91cdb0000 - 0x00007ff91ce57000 	C:\WINDOWS\System32\msvcrt.dll
0x00007ff91d6c0000 - 0x00007ff91d768000 	C:\WINDOWS\System32\sechost.dll
0x00007ff91c650000 - 0x00007ff91c678000 	C:\WINDOWS\System32\bcrypt.dll
0x00007ff91d860000 - 0x00007ff91d975000 	C:\WINDOWS\System32\RPCRT4.dll
0x00007ff91c7e0000 - 0x00007ff91c98d000 	C:\WINDOWS\System32\USER32.dll
0x00007ff91bc70000 - 0x00007ff91bc96000 	C:\WINDOWS\System32\win32u.dll
0x00007ff9060a0000 - 0x00007ff906333000 	C:\WINDOWS\WinSxS\amd64_microsoft.windows.common-controls_6595b64144ccf1df_6.0.22621.3235_none_270f74e173860f98\COMCTL32.dll
0x00007ff91cd30000 - 0x00007ff91cd59000 	C:\WINDOWS\System32\GDI32.dll
0x00007ff91c530000 - 0x00007ff91c648000 	C:\WINDOWS\System32\gdi32full.dll
0x00007ff91c490000 - 0x00007ff91c52a000 	C:\WINDOWS\System32\msvcp_win.dll
0x00007ff912f80000 - 0x00007ff912f8a000 	C:\WINDOWS\SYSTEM32\VERSION.dll
0x00007ff91cd60000 - 0x00007ff91cd91000 	C:\WINDOWS\System32\IMM32.DLL
0x00007ff8f47a0000 - 0x00007ff8f47ac000 	C:\Program Files\Java\jdk-17\bin\vcruntime140_1.dll
0x00007ff8d60d0000 - 0x00007ff8d615e000 	C:\Program Files\Java\jdk-17\bin\msvcp140.dll
0x00007ff867530000 - 0x00007ff868107000 	C:\Program Files\Java\jdk-17\bin\server\jvm.dll
0x00007ff91e1e0000 - 0x00007ff91e1e8000 	C:\WINDOWS\System32\PSAPI.DLL
0x00007ff914470000 - 0x00007ff9144a4000 	C:\WINDOWS\SYSTEM32\WINMM.dll
0x00007ff8f7380000 - 0x00007ff8f7389000 	C:\WINDOWS\SYSTEM32\WSOCK32.dll
0x00007ff91e870000 - 0x00007ff91e8e1000 	C:\WINDOWS\System32\WS2_32.dll
0x00007ff91acb0000 - 0x00007ff91acc8000 	C:\WINDOWS\SYSTEM32\kernel.appcore.dll
0x00007ff8f2d20000 - 0x00007ff8f2d2a000 	C:\Program Files\Java\jdk-17\bin\jimage.dll
0x00007ff9194a0000 - 0x00007ff9196d3000 	C:\WINDOWS\SYSTEM32\DBGHELP.DLL
0x00007ff91db90000 - 0x00007ff91df18000 	C:\WINDOWS\System32\combase.dll
0x00007ff91e730000 - 0x00007ff91e807000 	C:\WINDOWS\System32\OLEAUT32.dll
0x00007ff903240000 - 0x00007ff903272000 	C:\WINDOWS\SYSTEM32\dbgcore.DLL
0x00007ff91c410000 - 0x00007ff91c48a000 	C:\WINDOWS\System32\bcryptPrimitives.dll
0x00007ff8eb040000 - 0x00007ff8eb065000 	C:\Program Files\Java\jdk-17\bin\java.dll

dbghelp: loaded successfully - version: 4.0.5 - missing functions: none
symbol engine: initialized successfully - sym options: 0x614 - pdb path: .;C:\Program Files\Java\jdk-17\bin;C:\WINDOWS\SYSTEM32;C:\WINDOWS\WinSxS\amd64_microsoft.windows.common-controls_6595b64144ccf1df_6.0.22621.3235_none_270f74e173860f98;C:\Program Files\Java\jdk-17\bin\server

VM Arguments:
java_command: com.mycompany.inventariofisica_requerimientos.InventarioFisica_Requerimientos
java_class_path (initial): D:\USUARIO\Documents\NetBeansProjects\inventarioFisica_Requerimientos\target\classes;C:\Users\USUARIO\.m2\repository\org\netbeans\external\AbsoluteLayout\RELEASE160\AbsoluteLayout-RELEASE160.jar;C:\Users\USUARIO\.m2\repository\com\mysql\mysql-connector-j\8.0.33\mysql-connector-j-8.0.33.jar;C:\Users\USUARIO\.m2\repository\com\google\protobuf\protobuf-java\3.21.9\protobuf-java-3.21.9.jar
Launcher Type: SUN_STANDARD

[Global flags]
     intx CICompilerCount                          = 4                                         {product} {ergonomic}
     uint ConcGCThreads                            = 2                                         {product} {ergonomic}
     uint G1ConcRefinementThreads                  = 8                                         {product} {ergonomic}
   size_t G1HeapRegionSize                         = 1048576                                   {product} {ergonomic}
    uintx GCDrainStackTargetSize                   = 64                                        {product} {ergonomic}
   size_t InitialHeapSize                          = 100663296                                 {product} {ergonomic}
   size_t MarkStackSize                            = 4194304                                   {product} {ergonomic}
   size_t MaxHeapSize                              = 1598029824                                {product} {ergonomic}
   size_t MinHeapDeltaBytes                        = 1048576                                   {product} {ergonomic}
   size_t MinHeapSize                              = 8388608                                   {product} {ergonomic}
    uintx NonNMethodCodeHeapSize                   = 5839372                                {pd product} {ergonomic}
    uintx NonProfiledCodeHeapSize                  = 122909434                              {pd product} {ergonomic}
    uintx ProfiledCodeHeapSize                     = 122909434                              {pd product} {ergonomic}
    uintx ReservedCodeCacheSize                    = 251658240                              {pd product} {ergonomic}
     bool SegmentedCodeCache                       = true                                      {product} {ergonomic}
   size_t SoftMaxHeapSize                          = 1598029824                             {manageable} {ergonomic}
     bool UseCompressedClassPointers               = true                           {product lp64_product} {ergonomic}
     bool UseCompressedOops                        = true                           {product lp64_product} {ergonomic}
     bool UseG1GC                                  = true                                      {product} {ergonomic}
     bool UseLargePagesIndividualAllocation        = false                                  {pd product} {ergonomic}

Logging:
Log output configuration:
 #0: stdout all=warning uptime,level,tags
 #1: stderr all=off uptime,level,tags

Environment Variables:
JAVA_HOME=C:\Program Files\Java\jdk-17
PATH=C:\Program Files\Common Files\Oracle\Java\javapath;C:\Windows\system32;C:\Windows;C:\Windows\System32\Wbem;C:\Windows\System32\WindowsPowerShell\v1.0\;C:\Windows\System32\OpenSSH\;C:\Program Files\NVIDIA Corporation\NVIDIA NvDLISR;C:\WINDOWS\system32;C:\WINDOWS;C:\WINDOWS\System32\Wbem;C:\WINDOWS\System32\WindowsPowerShell\v1.0\;C:\WINDOWS\System32\OpenSSH\;C:\Program Files (x86)\Microsoft SQL Server\160\Tools\Binn\;C:\Program Files\Microsoft SQL Server\160\Tools\Binn\;C:\Program Files\Microsoft SQL Server\Client SDK\ODBC\170\Tools\Binn\;C:\Program Files\Microsoft SQL Server\160\DTS\Binn\;C:\Program Files (x86)\Microsoft SQL Server\150\Tools\Binn\;C:\Program Files\Microsoft SQL Server\150\Tools\Binn\;C:\Program Files (x86)\Microsoft SQL Server\150\DTS\Binn\;C:\Program Files\Microsoft SQL Server\150\DTS\Binn\;C:\Program Files (x86)\Microsoft SQL Server\160\DTS\Binn\;C:\Program Files\Azure Data Studio\bin;C:\Program Files\Java\jdk-21\bin;C:\Program Files\Git\cmd;C:\Users\USUARIO\AppData\Local\Programs\Python\Launcher\;C:\Program Files\MySQL\MySQL Shell 8.0\bin\;C:\Users\USUARIO\AppData\Local\Microsoft\WindowsApps;C:\Users\USUARIO\AppData\Local\Programs\Microsoft VS Code\bin;C:\Program Files\Azure Data Studio\bin;C:\Program Files\Java\jdk-21\bin;
USERNAME=USUARIO
OS=Windows_NT
PROCESSOR_IDENTIFIER=AMD64 Family 23 Model 24 Stepping 1, AuthenticAMD



---------------  S Y S T E M  ---------------

OS:
 Windows 11 , 64 bit Build 22621 (10.0.22621.3235)
OS uptime: 3 days 8:43 hours

CPU: total 8 (initial active 8) (8 cores per cpu, 2 threads per core) family 23 model 24 stepping 1 microcode 0x0, cx8, cmov, fxsr, ht, mmx, 3dnowpref, sse, sse2, sse3, ssse3, sse4a, sse4.1, sse4.2, popcnt, lzcnt, tsc, tscinvbit, avx, avx2, aes, clmul, bmi1, bmi2, adx, sha, fma, vzeroupper, clflush, clflushopt

Memory: 4k page, system-wide physical 6091M (386M free)
TotalPageFile size 24523M (AvailPageFile size 92M)
current process WorkingSet (physical memory assigned to process): 11M, peak: 11M
current process commit charge ("private bytes"): 60M, peak: 156M

vm_info: Java HotSpot(TM) 64-Bit Server VM (17.0.6+9-LTS-190) for windows-amd64 JRE (17.0.6+9-LTS-190), built on Dec  6 2022 15:53:54 by "mach5one" with MS VC++ 17.1 (VS2022)

END.
